[35267:775:0924/153825.368083:INFO:CONSOLE(194)] "worker error [object Event] undefined undefined", source: https://assets.leetcode.com/static_assets/public/webpack_bundles/common-libs.4322cec8d.js (194)
[35267:775:0924/153828.464295:INFO:CONSOLE(156)] "Warning: exports: React.createClass is deprecated and will be removed in version 16. Use plain JavaScript classes instead. If you're not yet ready to migrate, create-react-class is available on npm as a drop-in replacement.", source: https://assets.leetcode.com/static_assets/public/webpack_bundles/vendor-libs.60e72598a.js (156)
[35267:775:0924/153828.935311:INFO:CONSOLE(194)] "Warning: Each child in an array or iterator should have a unique "key" prop. Check the top-level render call using <div>. See https://fb.me/react-warning-keys for more information.
    in textarea", source: https://assets.leetcode.com/static_assets/public/webpack_bundles/common-libs.4322cec8d.js (194)
[35267:775:0924/153835.616583:INFO:CONSOLE(156)] "Warning: exports: React.createClass is deprecated and will be removed in version 16. Use plain JavaScript classes instead. If you're not yet ready to migrate, create-react-class is available on npm as a drop-in replacement.", source: https://assets.leetcode.com/static_assets/public/webpack_bundles/vendor-libs.60e72598a.js (156)
[35267:775:0924/153836.003588:INFO:CONSOLE(194)] "Warning: Each child in an array or iterator should have a unique "key" prop. Check the top-level render call using <div>. See https://fb.me/react-warning-keys for more information.
    in textarea", source: https://assets.leetcode.com/static_assets/public/webpack_bundles/common-libs.4322cec8d.js (194)
[35267:775:0924/153836.428523:INFO:CONSOLE(194)] "worker error [object Event] undefined undefined", source: https://assets.leetcode.com/static_assets/public/webpack_bundles/common-libs.4322cec8d.js (194)
[35267:775:0924/153842.405579:INFO:CONSOLE(156)] "Warning: exports: React.createClass is deprecated and will be removed in version 16. Use plain JavaScript classes instead. If you're not yet ready to migrate, create-react-class is available on npm as a drop-in replacement.", source: https://assets.leetcode.com/static_assets/public/webpack_bundles/vendor-libs.60e72598a.js (156)
[35267:775:0924/153842.708019:INFO:CONSOLE(194)] "Warning: Each child in an array or iterator should have a unique "key" prop. Check the top-level render call using <div>. See https://fb.me/react-warning-keys for more information.
    in textarea", source: https://assets.leetcode.com/static_assets/public/webpack_bundles/common-libs.4322cec8d.js (194)
[35267:775:0924/153848.825314:INFO:CONSOLE(156)] "Warning: exports: React.createClass is deprecated and will be removed in version 16. Use plain JavaScript classes instead. If you're not yet ready to migrate, create-react-class is available on npm as a drop-in replacement.", source: https://assets.leetcode.com/static_assets/public/webpack_bundles/vendor-libs.60e72598a.js (156)
[35267:775:0924/153849.132314:INFO:CONSOLE(194)] "Warning: Each child in an array or iterator should have a unique "key" prop. Check the top-level render call using <div>. See https://fb.me/react-warning-keys for more information.
    in textarea", source: https://assets.leetcode.com/static_assets/public/webpack_bundles/common-libs.4322cec8d.js (194)
[35267:775:0924/153849.450228:INFO:CONSOLE(194)] "worker error [object Event] undefined undefined", source: https://assets.leetcode.com/static_assets/public/webpack_bundles/common-libs.4322cec8d.js (194)
[35267:775:0924/153855.754331:INFO:CONSOLE(156)] "Warning: exports: React.createClass is deprecated and will be removed in version 16. Use plain JavaScript classes instead. If you're not yet ready to migrate, create-react-class is available on npm as a drop-in replacement.", source: https://assets.leetcode.com/static_assets/public/webpack_bundles/vendor-libs.60e72598a.js (156)
[35267:775:0924/153856.172752:INFO:CONSOLE(194)] "Warning: Each child in an array or iterator should have a unique "key" prop. Check the top-level render call using <div>. See https://fb.me/react-warning-keys for more information.
    in textarea", source: https://assets.leetcode.com/static_assets/public/webpack_bundles/common-libs.4322cec8d.js (194)
[35267:775:0924/153902.106801:INFO:CONSOLE(156)] "Warning: exports: React.createClass is deprecated and will be removed in version 16. Use plain JavaScript classes instead. If you're not yet ready to migrate, create-react-class is available on npm as a drop-in replacement.", source: https://assets.leetcode.com/static_assets/public/webpack_bundles/vendor-libs.60e72598a.js (156)
[35267:775:0924/153902.378943:INFO:CONSOLE(194)] "Warning: Each child in an array or iterator should have a unique "key" prop. Check the top-level render call using <div>. See https://fb.me/react-warning-keys for more information.
    in textarea", source: https://assets.leetcode.com/static_assets/public/webpack_bundles/common-libs.4322cec8d.js (194)
[35267:775:0924/153902.792074:INFO:CONSOLE(194)] "worker error [object Event] undefined undefined", source: https://assets.leetcode.com/static_assets/public/webpack_bundles/common-libs.4322cec8d.js (194)
[35267:775:0924/153908.345220:INFO:CONSOLE(156)] "Warning: exports: React.createClass is deprecated and will be removed in version 16. Use plain JavaScript classes instead. If you're not yet ready to migrate, create-react-class is available on npm as a drop-in replacement.", source: https://assets.leetcode.com/static_assets/public/webpack_bundles/vendor-libs.60e72598a.js (156)
[35267:775:0924/153908.621747:INFO:CONSOLE(194)] "Warning: Each child in an array or iterator should have a unique "key" prop. Check the top-level render call using <div>. See https://fb.me/react-warning-keys for more information.
    in textarea", source: https://assets.leetcode.com/static_assets/public/webpack_bundles/common-libs.4322cec8d.js (194)
[35267:775:0924/153914.797254:INFO:CONSOLE(156)] "Warning: exports: React.createClass is deprecated and will be removed in version 16. Use plain JavaScript classes instead. If you're not yet ready to migrate, create-react-class is available on npm as a drop-in replacement.", source: https://assets.leetcode.com/static_assets/public/webpack_bundles/vendor-libs.60e72598a.js (156)
[35267:775:0924/153915.106524:INFO:CONSOLE(194)] "Warning: Each child in an array or iterator should have a unique "key" prop. Check the top-level render call using <div>. See https://fb.me/react-warning-keys for more information.
    in textarea", source: https://assets.leetcode.com/static_assets/public/webpack_bundles/common-libs.4322cec8d.js (194)
[35267:775:0924/153915.435651:INFO:CONSOLE(194)] "worker error [object Event] undefined undefined", source: https://assets.leetcode.com/static_assets/public/webpack_bundles/common-libs.4322cec8d.js (194)
[35267:775:0924/153921.064801:INFO:CONSOLE(156)] "Warning: exports: React.createClass is deprecated and will be removed in version 16. Use plain JavaScript classes instead. If you're not yet ready to migrate, create-react-class is available on npm as a drop-in replacement.", source: https://assets.leetcode.com/static_assets/public/webpack_bundles/vendor-libs.60e72598a.js (156)
[35267:775:0924/153921.359728:INFO:CONSOLE(194)] "Warning: Each child in an array or iterator should have a unique "key" prop. Check the top-level render call using <div>. See https://fb.me/react-warning-keys for more information.
    in textarea", source: https://assets.leetcode.com/static_assets/public/webpack_bundles/common-libs.4322cec8d.js (194)
[35267:775:0924/153927.391305:INFO:CONSOLE(156)] "Warning: exports: React.createClass is deprecated and will be removed in version 16. Use plain JavaScript classes instead. If you're not yet ready to migrate, create-react-class is available on npm as a drop-in replacement.", source: https://assets.leetcode.com/static_assets/public/webpack_bundles/vendor-libs.60e72598a.js (156)
[35267:775:0924/153927.661320:INFO:CONSOLE(194)] "Warning: Each child in an array or iterator should have a unique "key" prop. Check the top-level render call using <div>. See https://fb.me/react-warning-keys for more information.
    in textarea", source: https://assets.leetcode.com/static_assets/public/webpack_bundles/common-libs.4322cec8d.js (194)
[35267:775:0924/153928.104709:INFO:CONSOLE(194)] "worker error [object Event] undefined undefined", source: https://assets.leetcode.com/static_assets/public/webpack_bundles/common-libs.4322cec8d.js (194)
[35267:775:0924/153933.843365:INFO:CONSOLE(156)] "Warning: exports: React.createClass is deprecated and will be removed in version 16. Use plain JavaScript classes instead. If you're not yet ready to migrate, create-react-class is available on npm as a drop-in replacement.", source: https://assets.leetcode.com/static_assets/public/webpack_bundles/vendor-libs.60e72598a.js (156)
[35267:775:0924/153934.142803:INFO:CONSOLE(194)] "Warning: Each child in an array or iterator should have a unique "key" prop. Check the top-level render call using <div>. See https://fb.me/react-warning-keys for more information.
    in textarea", source: https://assets.leetcode.com/static_assets/public/webpack_bundles/common-libs.4322cec8d.js (194)
[35267:775:0924/153940.277671:INFO:CONSOLE(156)] "Warning: exports: React.createClass is deprecated and will be removed in version 16. Use plain JavaScript classes instead. If you're not yet ready to migrate, create-react-class is available on npm as a drop-in replacement.", source: https://assets.leetcode.com/static_assets/public/webpack_bundles/vendor-libs.60e72598a.js (156)
[35267:775:0924/153940.508385:INFO:CONSOLE(194)] "Warning: Each child in an array or iterator should have a unique "key" prop. Check the top-level render call using <div>. See https://fb.me/react-warning-keys for more information.
    in textarea", source: https://assets.leetcode.com/static_assets/public/webpack_bundles/common-libs.4322cec8d.js (194)
[35267:775:0924/153940.941448:INFO:CONSOLE(194)] "worker error [object Event] undefined undefined", source: https://assets.leetcode.com/static_assets/public/webpack_bundles/common-libs.4322cec8d.js (194)
[35267:775:0924/153946.800786:INFO:CONSOLE(156)] "Warning: exports: React.createClass is deprecated and will be removed in version 16. Use plain JavaScript classes instead. If you're not yet ready to migrate, create-react-class is available on npm as a drop-in replacement.", source: https://assets.leetcode.com/static_assets/public/webpack_bundles/vendor-libs.60e72598a.js (156)
[35267:775:0924/153947.082508:INFO:CONSOLE(194)] "Warning: Each child in an array or iterator should have a unique "key" prop. Check the top-level render call using <div>. See https://fb.me/react-warning-keys for more information.
    in textarea", source: https://assets.leetcode.com/static_assets/public/webpack_bundles/common-libs.4322cec8d.js (194)
[35267:775:0924/153953.786330:INFO:CONSOLE(156)] "Warning: exports: React.createClass is deprecated and will be removed in version 16. Use plain JavaScript classes instead. If you're not yet ready to migrate, create-react-class is available on npm as a drop-in replacement.", source: https://assets.leetcode.com/static_assets/public/webpack_bundles/vendor-libs.60e72598a.js (156)
[35267:775:0924/153954.028705:INFO:CONSOLE(194)] "Warning: Each child in an array or iterator should have a unique "key" prop. Check the top-level render call using <div>. See https://fb.me/react-warning-keys for more information.
    in textarea", source: https://assets.leetcode.com/static_assets/public/webpack_bundles/common-libs.4322cec8d.js (194)
[35267:775:0924/153954.408542:INFO:CONSOLE(194)] "worker error [object Event] undefined undefined", source: https://assets.leetcode.com/static_assets/public/webpack_bundles/common-libs.4322cec8d.js (194)
[35267:775:0924/153959.992617:INFO:CONSOLE(156)] "Warning: exports: React.createClass is deprecated and will be removed in version 16. Use plain JavaScript classes instead. If you're not yet ready to migrate, create-react-class is available on npm as a drop-in replacement.", source: https://assets.leetcode.com/static_assets/public/webpack_bundles/vendor-libs.60e72598a.js (156)
[35267:775:0924/154000.307652:INFO:CONSOLE(194)] "Warning: Each child in an array or iterator should have a unique "key" prop. Check the top-level render call using <div>. See https://fb.me/react-warning-keys for more information.
    in textarea", source: https://assets.leetcode.com/static_assets/public/webpack_bundles/common-libs.4322cec8d.js (194)
[35267:775:0924/154006.494153:INFO:CONSOLE(156)] "Warning: exports: React.createClass is deprecated and will be removed in version 16. Use plain JavaScript classes instead. If you're not yet ready to migrate, create-react-class is available on npm as a drop-in replacement.", source: https://assets.leetcode.com/static_assets/public/webpack_bundles/vendor-libs.60e72598a.js (156)
[35267:775:0924/154006.756989:INFO:CONSOLE(194)] "Warning: Each child in an array or iterator should have a unique "key" prop. Check the top-level render call using <div>. See https://fb.me/react-warning-keys for more information.
    in textarea", source: https://assets.leetcode.com/static_assets/public/webpack_bundles/common-libs.4322cec8d.js (194)
[35267:775:0924/154007.159959:INFO:CONSOLE(194)] "worker error [object Event] undefined undefined", source: https://assets.leetcode.com/static_assets/public/webpack_bundles/common-libs.4322cec8d.js (194)
[35267:775:0924/154012.905737:INFO:CONSOLE(156)] "Warning: exports: React.createClass is deprecated and will be removed in version 16. Use plain JavaScript classes instead. If you're not yet ready to migrate, create-react-class is available on npm as a drop-in replacement.", source: https://assets.leetcode.com/static_assets/public/webpack_bundles/vendor-libs.60e72598a.js (156)
[35267:775:0924/154013.182580:INFO:CONSOLE(194)] "Warning: Each child in an array or iterator should have a unique "key" prop. Check the top-level render call using <div>. See https://fb.me/react-warning-keys for more information.
    in textarea", source: https://assets.leetcode.com/static_assets/public/webpack_bundles/common-libs.4322cec8d.js (194)
[35267:775:0924/154013.724043:INFO:CONSOLE(0)] "Mixed Content: The page at 'https://leetcode.com/problems/letter-combinations-of-a-phone-number/' was loaded over HTTPS, but requested an insecure image 'http://upload.wikimedia.org/wikipedia/commons/thumb/7/73/Telephone-keypad2.svg/200px-Telephone-keypad2.svg.png'. This content should also be served over HTTPS.", source: https://leetcode.com/problems/letter-combinations-of-a-phone-number/ (0)
[35267:775:0924/154019.268295:INFO:CONSOLE(156)] "Warning: exports: React.createClass is deprecated and will be removed in version 16. Use plain JavaScript classes instead. If you're not yet ready to migrate, create-react-class is available on npm as a drop-in replacement.", source: https://assets.leetcode.com/static_assets/public/webpack_bundles/vendor-libs.60e72598a.js (156)
[35267:775:0924/154019.505934:INFO:CONSOLE(194)] "Warning: Each child in an array or iterator should have a unique "key" prop. Check the top-level render call using <div>. See https://fb.me/react-warning-keys for more information.
    in textarea", source: https://assets.leetcode.com/static_assets/public/webpack_bundles/common-libs.4322cec8d.js (194)
[35267:775:0924/154019.893017:INFO:CONSOLE(194)] "worker error [object Event] undefined undefined", source: https://assets.leetcode.com/static_assets/public/webpack_bundles/common-libs.4322cec8d.js (194)
[35267:775:0924/154025.734063:INFO:CONSOLE(156)] "Warning: exports: React.createClass is deprecated and will be removed in version 16. Use plain JavaScript classes instead. If you're not yet ready to migrate, create-react-class is available on npm as a drop-in replacement.", source: https://assets.leetcode.com/static_assets/public/webpack_bundles/vendor-libs.60e72598a.js (156)
[35267:775:0924/154026.016435:INFO:CONSOLE(194)] "Warning: Each child in an array or iterator should have a unique "key" prop. Check the top-level render call using <div>. See https://fb.me/react-warning-keys for more information.
    in textarea", source: https://assets.leetcode.com/static_assets/public/webpack_bundles/common-libs.4322cec8d.js (194)
[35267:775:0924/154031.945837:INFO:CONSOLE(156)] "Warning: exports: React.createClass is deprecated and will be removed in version 16. Use plain JavaScript classes instead. If you're not yet ready to migrate, create-react-class is available on npm as a drop-in replacement.", source: https://assets.leetcode.com/static_assets/public/webpack_bundles/vendor-libs.60e72598a.js (156)
[35267:775:0924/154032.261412:INFO:CONSOLE(194)] "Warning: Each child in an array or iterator should have a unique "key" prop. Check the top-level render call using <div>. See https://fb.me/react-warning-keys for more information.
    in textarea", source: https://assets.leetcode.com/static_assets/public/webpack_bundles/common-libs.4322cec8d.js (194)
[35267:775:0924/154032.607818:INFO:CONSOLE(194)] "worker error [object Event] undefined undefined", source: https://assets.leetcode.com/static_assets/public/webpack_bundles/common-libs.4322cec8d.js (194)
[35267:775:0924/154038.431096:INFO:CONSOLE(156)] "Warning: exports: React.createClass is deprecated and will be removed in version 16. Use plain JavaScript classes instead. If you're not yet ready to migrate, create-react-class is available on npm as a drop-in replacement.", source: https://assets.leetcode.com/static_assets/public/webpack_bundles/vendor-libs.60e72598a.js (156)
[35267:775:0924/154038.708864:INFO:CONSOLE(194)] "Warning: Each child in an array or iterator should have a unique "key" prop. Check the top-level render call using <div>. See https://fb.me/react-warning-keys for more information.
    in textarea", source: https://assets.leetcode.com/static_assets/public/webpack_bundles/common-libs.4322cec8d.js (194)
[35267:775:0924/154044.693427:INFO:CONSOLE(156)] "Warning: exports: React.createClass is deprecated and will be removed in version 16. Use plain JavaScript classes instead. If you're not yet ready to migrate, create-react-class is available on npm as a drop-in replacement.", source: https://assets.leetcode.com/static_assets/public/webpack_bundles/vendor-libs.60e72598a.js (156)
[35267:775:0924/154045.075155:INFO:CONSOLE(194)] "Warning: Each child in an array or iterator should have a unique "key" prop. Check the top-level render call using <div>. See https://fb.me/react-warning-keys for more information.
    in textarea", source: https://assets.leetcode.com/static_assets/public/webpack_bundles/common-libs.4322cec8d.js (194)
[35267:775:0924/154045.357412:INFO:CONSOLE(194)] "worker error [object Event] undefined undefined", source: https://assets.leetcode.com/static_assets/public/webpack_bundles/common-libs.4322cec8d.js (194)
[35267:775:0924/154050.914141:INFO:CONSOLE(156)] "Warning: exports: React.createClass is deprecated and will be removed in version 16. Use plain JavaScript classes instead. If you're not yet ready to migrate, create-react-class is available on npm as a drop-in replacement.", source: https://assets.leetcode.com/static_assets/public/webpack_bundles/vendor-libs.60e72598a.js (156)
[35267:775:0924/154051.147204:INFO:CONSOLE(194)] "Warning: Each child in an array or iterator should have a unique "key" prop. Check the top-level render call using <div>. See https://fb.me/react-warning-keys for more information.
    in textarea", source: https://assets.leetcode.com/static_assets/public/webpack_bundles/common-libs.4322cec8d.js (194)
[35267:775:0924/154057.092858:INFO:CONSOLE(156)] "Warning: exports: React.createClass is deprecated and will be removed in version 16. Use plain JavaScript classes instead. If you're not yet ready to migrate, create-react-class is available on npm as a drop-in replacement.", source: https://assets.leetcode.com/static_assets/public/webpack_bundles/vendor-libs.60e72598a.js (156)
[35267:775:0924/154057.441255:INFO:CONSOLE(194)] "Warning: Each child in an array or iterator should have a unique "key" prop. Check the top-level render call using <div>. See https://fb.me/react-warning-keys for more information.
    in textarea", source: https://assets.leetcode.com/static_assets/public/webpack_bundles/common-libs.4322cec8d.js (194)
[35267:775:0924/154057.735293:INFO:CONSOLE(194)] "worker error [object Event] undefined undefined", source: https://assets.leetcode.com/static_assets/public/webpack_bundles/common-libs.4322cec8d.js (194)
[35267:775:0924/154103.389411:INFO:CONSOLE(156)] "Warning: exports: React.createClass is deprecated and will be removed in version 16. Use plain JavaScript classes instead. If you're not yet ready to migrate, create-react-class is available on npm as a drop-in replacement.", source: https://assets.leetcode.com/static_assets/public/webpack_bundles/vendor-libs.60e72598a.js (156)
[35267:775:0924/154103.640924:INFO:CONSOLE(194)] "Warning: Each child in an array or iterator should have a unique "key" prop. Check the top-level render call using <div>. See https://fb.me/react-warning-keys for more information.
    in textarea", source: https://assets.leetcode.com/static_assets/public/webpack_bundles/common-libs.4322cec8d.js (194)
[35267:775:0924/154109.782758:INFO:CONSOLE(156)] "Warning: exports: React.createClass is deprecated and will be removed in version 16. Use plain JavaScript classes instead. If you're not yet ready to migrate, create-react-class is available on npm as a drop-in replacement.", source: https://assets.leetcode.com/static_assets/public/webpack_bundles/vendor-libs.60e72598a.js (156)
[35267:775:0924/154110.050204:INFO:CONSOLE(194)] "Warning: Each child in an array or iterator should have a unique "key" prop. Check the top-level render call using <div>. See https://fb.me/react-warning-keys for more information.
    in textarea", source: https://assets.leetcode.com/static_assets/public/webpack_bundles/common-libs.4322cec8d.js (194)
[35267:775:0924/154110.419986:INFO:CONSOLE(194)] "worker error [object Event] undefined undefined", source: https://assets.leetcode.com/static_assets/public/webpack_bundles/common-libs.4322cec8d.js (194)
[35267:775:0924/154117.032017:INFO:CONSOLE(156)] "Warning: exports: React.createClass is deprecated and will be removed in version 16. Use plain JavaScript classes instead. If you're not yet ready to migrate, create-react-class is available on npm as a drop-in replacement.", source: https://assets.leetcode.com/static_assets/public/webpack_bundles/vendor-libs.60e72598a.js (156)
[35267:775:0924/154117.546410:INFO:CONSOLE(194)] "Warning: Each child in an array or iterator should have a unique "key" prop. Check the top-level render call using <div>. See https://fb.me/react-warning-keys for more information.
    in textarea", source: https://assets.leetcode.com/static_assets/public/webpack_bundles/common-libs.4322cec8d.js (194)
[35267:775:0924/154118.599250:INFO:CONSOLE(6)] "Refused to get unsafe header "X-NewRelic-App-Data"", source: https://leetcode.com/problems/remove-element/ (6)
[35267:775:0924/154118.621628:INFO:CONSOLE(194)] "Error: Network error: Unexpected token < in JSON at position 0", source: https://assets.leetcode.com/static_assets/public/webpack_bundles/common-libs.4322cec8d.js (194)
[35267:775:0924/154124.467875:INFO:CONSOLE(156)] "Warning: exports: React.createClass is deprecated and will be removed in version 16. Use plain JavaScript classes instead. If you're not yet ready to migrate, create-react-class is available on npm as a drop-in replacement.", source: https://assets.leetcode.com/static_assets/public/webpack_bundles/vendor-libs.60e72598a.js (156)
[35267:775:0924/154124.869357:INFO:CONSOLE(194)] "Warning: Each child in an array or iterator should have a unique "key" prop. Check the top-level render call using <div>. See https://fb.me/react-warning-keys for more information.
    in textarea", source: https://assets.leetcode.com/static_assets/public/webpack_bundles/common-libs.4322cec8d.js (194)
[35267:775:0924/154125.562666:INFO:CONSOLE(194)] "worker error [object Event] undefined undefined", source: https://assets.leetcode.com/static_assets/public/webpack_bundles/common-libs.4322cec8d.js (194)
[35267:775:0924/154131.305612:INFO:CONSOLE(156)] "Warning: exports: React.createClass is deprecated and will be removed in version 16. Use plain JavaScript classes instead. If you're not yet ready to migrate, create-react-class is available on npm as a drop-in replacement.", source: https://assets.leetcode.com/static_assets/public/webpack_bundles/vendor-libs.60e72598a.js (156)
[35267:775:0924/154131.597424:INFO:CONSOLE(194)] "Warning: Each child in an array or iterator should have a unique "key" prop. Check the top-level render call using <div>. See https://fb.me/react-warning-keys for more information.
    in textarea", source: https://assets.leetcode.com/static_assets/public/webpack_bundles/common-libs.4322cec8d.js (194)
[35267:775:0924/154137.881058:INFO:CONSOLE(156)] "Warning: exports: React.createClass is deprecated and will be removed in version 16. Use plain JavaScript classes instead. If you're not yet ready to migrate, create-react-class is available on npm as a drop-in replacement.", source: https://assets.leetcode.com/static_assets/public/webpack_bundles/vendor-libs.60e72598a.js (156)
[35267:775:0924/154138.183058:INFO:CONSOLE(194)] "Warning: Each child in an array or iterator should have a unique "key" prop. Check the top-level render call using <div>. See https://fb.me/react-warning-keys for more information.
    in textarea", source: https://assets.leetcode.com/static_assets/public/webpack_bundles/common-libs.4322cec8d.js (194)
[35267:775:0924/154138.590396:INFO:CONSOLE(194)] "worker error [object Event] undefined undefined", source: https://assets.leetcode.com/static_assets/public/webpack_bundles/common-libs.4322cec8d.js (194)
[35267:775:0924/154144.844361:INFO:CONSOLE(156)] "Warning: exports: React.createClass is deprecated and will be removed in version 16. Use plain JavaScript classes instead. If you're not yet ready to migrate, create-react-class is available on npm as a drop-in replacement.", source: https://assets.leetcode.com/static_assets/public/webpack_bundles/vendor-libs.60e72598a.js (156)
[35267:775:0924/154145.164738:INFO:CONSOLE(194)] "Warning: Each child in an array or iterator should have a unique "key" prop. Check the top-level render call using <div>. See https://fb.me/react-warning-keys for more information.
    in textarea", source: https://assets.leetcode.com/static_assets/public/webpack_bundles/common-libs.4322cec8d.js (194)
[35267:775:0924/154151.904884:INFO:CONSOLE(156)] "Warning: exports: React.createClass is deprecated and will be removed in version 16. Use plain JavaScript classes instead. If you're not yet ready to migrate, create-react-class is available on npm as a drop-in replacement.", source: https://assets.leetcode.com/static_assets/public/webpack_bundles/vendor-libs.60e72598a.js (156)
[35267:775:0924/154152.169503:INFO:CONSOLE(194)] "Warning: Each child in an array or iterator should have a unique "key" prop. Check the top-level render call using <div>. See https://fb.me/react-warning-keys for more information.
    in textarea", source: https://assets.leetcode.com/static_assets/public/webpack_bundles/common-libs.4322cec8d.js (194)
[35267:775:0924/154152.533778:INFO:CONSOLE(194)] "worker error [object Event] undefined undefined", source: https://assets.leetcode.com/static_assets/public/webpack_bundles/common-libs.4322cec8d.js (194)
[35267:775:0924/154158.750290:INFO:CONSOLE(156)] "Warning: exports: React.createClass is deprecated and will be removed in version 16. Use plain JavaScript classes instead. If you're not yet ready to migrate, create-react-class is available on npm as a drop-in replacement.", source: https://assets.leetcode.com/static_assets/public/webpack_bundles/vendor-libs.60e72598a.js (156)
[35267:775:0924/154159.067409:INFO:CONSOLE(194)] "Warning: Each child in an array or iterator should have a unique "key" prop. Check the top-level render call using <div>. See https://fb.me/react-warning-keys for more information.
    in textarea", source: https://assets.leetcode.com/static_assets/public/webpack_bundles/common-libs.4322cec8d.js (194)
[35267:775:0924/154205.259311:INFO:CONSOLE(156)] "Warning: exports: React.createClass is deprecated and will be removed in version 16. Use plain JavaScript classes instead. If you're not yet ready to migrate, create-react-class is available on npm as a drop-in replacement.", source: https://assets.leetcode.com/static_assets/public/webpack_bundles/vendor-libs.60e72598a.js (156)
[35267:775:0924/154205.590071:INFO:CONSOLE(194)] "Warning: Each child in an array or iterator should have a unique "key" prop. Check the top-level render call using <div>. See https://fb.me/react-warning-keys for more information.
    in textarea", source: https://assets.leetcode.com/static_assets/public/webpack_bundles/common-libs.4322cec8d.js (194)
[35267:775:0924/154205.929631:INFO:CONSOLE(194)] "worker error [object Event] undefined undefined", source: https://assets.leetcode.com/static_assets/public/webpack_bundles/common-libs.4322cec8d.js (194)
[35267:775:0924/154212.359545:INFO:CONSOLE(156)] "Warning: exports: React.createClass is deprecated and will be removed in version 16. Use plain JavaScript classes instead. If you're not yet ready to migrate, create-react-class is available on npm as a drop-in replacement.", source: https://assets.leetcode.com/static_assets/public/webpack_bundles/vendor-libs.60e72598a.js (156)
[35267:775:0924/154212.752786:INFO:CONSOLE(194)] "Warning: Each child in an array or iterator should have a unique "key" prop. Check the top-level render call using <div>. See https://fb.me/react-warning-keys for more information.
    in textarea", source: https://assets.leetcode.com/static_assets/public/webpack_bundles/common-libs.4322cec8d.js (194)
[35267:775:0924/154219.492043:INFO:CONSOLE(156)] "Warning: exports: React.createClass is deprecated and will be removed in version 16. Use plain JavaScript classes instead. If you're not yet ready to migrate, create-react-class is available on npm as a drop-in replacement.", source: https://assets.leetcode.com/static_assets/public/webpack_bundles/vendor-libs.60e72598a.js (156)
[35267:775:0924/154219.875230:INFO:CONSOLE(194)] "Warning: Each child in an array or iterator should have a unique "key" prop. Check the top-level render call using <div>. See https://fb.me/react-warning-keys for more information.
    in textarea", source: https://assets.leetcode.com/static_assets/public/webpack_bundles/common-libs.4322cec8d.js (194)
[35267:775:0924/154220.271663:INFO:CONSOLE(194)] "worker error [object Event] undefined undefined", source: https://assets.leetcode.com/static_assets/public/webpack_bundles/common-libs.4322cec8d.js (194)
[35267:775:0924/154226.373983:INFO:CONSOLE(156)] "Warning: exports: React.createClass is deprecated and will be removed in version 16. Use plain JavaScript classes instead. If you're not yet ready to migrate, create-react-class is available on npm as a drop-in replacement.", source: https://assets.leetcode.com/static_assets/public/webpack_bundles/vendor-libs.60e72598a.js (156)
[35267:775:0924/154226.847205:INFO:CONSOLE(194)] "Warning: Each child in an array or iterator should have a unique "key" prop. Check the top-level render call using <div>. See https://fb.me/react-warning-keys for more information.
    in textarea", source: https://assets.leetcode.com/static_assets/public/webpack_bundles/common-libs.4322cec8d.js (194)
[35267:775:0924/154233.473385:INFO:CONSOLE(156)] "Warning: exports: React.createClass is deprecated and will be removed in version 16. Use plain JavaScript classes instead. If you're not yet ready to migrate, create-react-class is available on npm as a drop-in replacement.", source: https://assets.leetcode.com/static_assets/public/webpack_bundles/vendor-libs.60e72598a.js (156)
[35267:775:0924/154233.901400:INFO:CONSOLE(194)] "Warning: Each child in an array or iterator should have a unique "key" prop. Check the top-level render call using <div>. See https://fb.me/react-warning-keys for more information.
    in textarea", source: https://assets.leetcode.com/static_assets/public/webpack_bundles/common-libs.4322cec8d.js (194)
[35267:775:0924/154234.285643:INFO:CONSOLE(194)] "worker error [object Event] undefined undefined", source: https://assets.leetcode.com/static_assets/public/webpack_bundles/common-libs.4322cec8d.js (194)
[35267:775:0924/154240.258725:INFO:CONSOLE(156)] "Warning: exports: React.createClass is deprecated and will be removed in version 16. Use plain JavaScript classes instead. If you're not yet ready to migrate, create-react-class is available on npm as a drop-in replacement.", source: https://assets.leetcode.com/static_assets/public/webpack_bundles/vendor-libs.60e72598a.js (156)
[35267:775:0924/154240.674163:INFO:CONSOLE(194)] "Warning: Each child in an array or iterator should have a unique "key" prop. Check the top-level render call using <div>. See https://fb.me/react-warning-keys for more information.
    in textarea", source: https://assets.leetcode.com/static_assets/public/webpack_bundles/common-libs.4322cec8d.js (194)
[35267:775:0924/154247.155259:INFO:CONSOLE(156)] "Warning: exports: React.createClass is deprecated and will be removed in version 16. Use plain JavaScript classes instead. If you're not yet ready to migrate, create-react-class is available on npm as a drop-in replacement.", source: https://assets.leetcode.com/static_assets/public/webpack_bundles/vendor-libs.60e72598a.js (156)
[35267:775:0924/154248.175463:INFO:CONSOLE(194)] "Warning: Each child in an array or iterator should have a unique "key" prop. Check the top-level render call using <div>. See https://fb.me/react-warning-keys for more information.
    in textarea", source: https://assets.leetcode.com/static_assets/public/webpack_bundles/common-libs.4322cec8d.js (194)
[35267:775:0924/154248.573196:INFO:CONSOLE(194)] "worker error [object Event] undefined undefined", source: https://assets.leetcode.com/static_assets/public/webpack_bundles/common-libs.4322cec8d.js (194)
[35267:775:0924/154254.085010:INFO:CONSOLE(156)] "Warning: exports: React.createClass is deprecated and will be removed in version 16. Use plain JavaScript classes instead. If you're not yet ready to migrate, create-react-class is available on npm as a drop-in replacement.", source: https://assets.leetcode.com/static_assets/public/webpack_bundles/vendor-libs.60e72598a.js (156)
[35267:775:0924/154254.451336:INFO:CONSOLE(194)] "Warning: Each child in an array or iterator should have a unique "key" prop. Check the top-level render call using <div>. See https://fb.me/react-warning-keys for more information.
    in textarea", source: https://assets.leetcode.com/static_assets/public/webpack_bundles/common-libs.4322cec8d.js (194)
[35267:775:0924/154301.523486:INFO:CONSOLE(156)] "Warning: exports: React.createClass is deprecated and will be removed in version 16. Use plain JavaScript classes instead. If you're not yet ready to migrate, create-react-class is available on npm as a drop-in replacement.", source: https://assets.leetcode.com/static_assets/public/webpack_bundles/vendor-libs.60e72598a.js (156)
[35267:775:0924/154301.956365:INFO:CONSOLE(194)] "Warning: Each child in an array or iterator should have a unique "key" prop. Check the top-level render call using <div>. See https://fb.me/react-warning-keys for more information.
    in textarea", source: https://assets.leetcode.com/static_assets/public/webpack_bundles/common-libs.4322cec8d.js (194)
[35267:775:0924/154302.329541:INFO:CONSOLE(194)] "worker error [object Event] undefined undefined", source: https://assets.leetcode.com/static_assets/public/webpack_bundles/common-libs.4322cec8d.js (194)
[35267:775:0924/154307.963355:INFO:CONSOLE(156)] "Warning: exports: React.createClass is deprecated and will be removed in version 16. Use plain JavaScript classes instead. If you're not yet ready to migrate, create-react-class is available on npm as a drop-in replacement.", source: https://assets.leetcode.com/static_assets/public/webpack_bundles/vendor-libs.60e72598a.js (156)
[35267:775:0924/154308.226259:INFO:CONSOLE(194)] "Warning: Each child in an array or iterator should have a unique "key" prop. Check the top-level render call using <div>. See https://fb.me/react-warning-keys for more information.
    in textarea", source: https://assets.leetcode.com/static_assets/public/webpack_bundles/common-libs.4322cec8d.js (194)
[35267:775:0924/154314.468442:INFO:CONSOLE(156)] "Warning: exports: React.createClass is deprecated and will be removed in version 16. Use plain JavaScript classes instead. If you're not yet ready to migrate, create-react-class is available on npm as a drop-in replacement.", source: https://assets.leetcode.com/static_assets/public/webpack_bundles/vendor-libs.60e72598a.js (156)
[35267:775:0924/154314.950584:INFO:CONSOLE(194)] "Warning: Each child in an array or iterator should have a unique "key" prop. Check the top-level render call using <div>. See https://fb.me/react-warning-keys for more information.
    in textarea", source: https://assets.leetcode.com/static_assets/public/webpack_bundles/common-libs.4322cec8d.js (194)
[35267:775:0924/154315.298098:INFO:CONSOLE(194)] "worker error [object Event] undefined undefined", source: https://assets.leetcode.com/static_assets/public/webpack_bundles/common-libs.4322cec8d.js (194)
[35267:775:0924/154321.179607:INFO:CONSOLE(156)] "Warning: exports: React.createClass is deprecated and will be removed in version 16. Use plain JavaScript classes instead. If you're not yet ready to migrate, create-react-class is available on npm as a drop-in replacement.", source: https://assets.leetcode.com/static_assets/public/webpack_bundles/vendor-libs.60e72598a.js (156)
[35267:775:0924/154321.419653:INFO:CONSOLE(194)] "Warning: Each child in an array or iterator should have a unique "key" prop. Check the top-level render call using <div>. See https://fb.me/react-warning-keys for more information.
    in textarea", source: https://assets.leetcode.com/static_assets/public/webpack_bundles/common-libs.4322cec8d.js (194)
[35267:775:0924/154327.893466:INFO:CONSOLE(156)] "Warning: exports: React.createClass is deprecated and will be removed in version 16. Use plain JavaScript classes instead. If you're not yet ready to migrate, create-react-class is available on npm as a drop-in replacement.", source: https://assets.leetcode.com/static_assets/public/webpack_bundles/vendor-libs.60e72598a.js (156)
[35267:775:0924/154328.222126:INFO:CONSOLE(194)] "Warning: Each child in an array or iterator should have a unique "key" prop. Check the top-level render call using <div>. See https://fb.me/react-warning-keys for more information.
    in textarea", source: https://assets.leetcode.com/static_assets/public/webpack_bundles/common-libs.4322cec8d.js (194)
[35267:775:0924/154328.771572:INFO:CONSOLE(194)] "worker error [object Event] undefined undefined", source: https://assets.leetcode.com/static_assets/public/webpack_bundles/common-libs.4322cec8d.js (194)
[35267:775:0924/154334.442343:INFO:CONSOLE(156)] "Warning: exports: React.createClass is deprecated and will be removed in version 16. Use plain JavaScript classes instead. If you're not yet ready to migrate, create-react-class is available on npm as a drop-in replacement.", source: https://assets.leetcode.com/static_assets/public/webpack_bundles/vendor-libs.60e72598a.js (156)
[35267:775:0924/154334.712202:INFO:CONSOLE(194)] "Warning: Each child in an array or iterator should have a unique "key" prop. Check the top-level render call using <div>. See https://fb.me/react-warning-keys for more information.
    in textarea", source: https://assets.leetcode.com/static_assets/public/webpack_bundles/common-libs.4322cec8d.js (194)
[35267:775:0924/154340.581110:INFO:CONSOLE(156)] "Warning: exports: React.createClass is deprecated and will be removed in version 16. Use plain JavaScript classes instead. If you're not yet ready to migrate, create-react-class is available on npm as a drop-in replacement.", source: https://assets.leetcode.com/static_assets/public/webpack_bundles/vendor-libs.60e72598a.js (156)
[35267:775:0924/154340.881964:INFO:CONSOLE(194)] "Warning: Each child in an array or iterator should have a unique "key" prop. Check the top-level render call using <div>. See https://fb.me/react-warning-keys for more information.
    in textarea", source: https://assets.leetcode.com/static_assets/public/webpack_bundles/common-libs.4322cec8d.js (194)
[35267:775:0924/154341.239649:INFO:CONSOLE(194)] "worker error [object Event] undefined undefined", source: https://assets.leetcode.com/static_assets/public/webpack_bundles/common-libs.4322cec8d.js (194)
[35267:775:0924/154347.046292:INFO:CONSOLE(156)] "Warning: exports: React.createClass is deprecated and will be removed in version 16. Use plain JavaScript classes instead. If you're not yet ready to migrate, create-react-class is available on npm as a drop-in replacement.", source: https://assets.leetcode.com/static_assets/public/webpack_bundles/vendor-libs.60e72598a.js (156)
[35267:775:0924/154347.338549:INFO:CONSOLE(194)] "Warning: Each child in an array or iterator should have a unique "key" prop. Check the top-level render call using <div>. See https://fb.me/react-warning-keys for more information.
    in textarea", source: https://assets.leetcode.com/static_assets/public/webpack_bundles/common-libs.4322cec8d.js (194)
[35267:775:0924/154353.246741:INFO:CONSOLE(156)] "Warning: exports: React.createClass is deprecated and will be removed in version 16. Use plain JavaScript classes instead. If you're not yet ready to migrate, create-react-class is available on npm as a drop-in replacement.", source: https://assets.leetcode.com/static_assets/public/webpack_bundles/vendor-libs.60e72598a.js (156)
[35267:775:0924/154353.501645:INFO:CONSOLE(194)] "Warning: Each child in an array or iterator should have a unique "key" prop. Check the top-level render call using <div>. See https://fb.me/react-warning-keys for more information.
    in textarea", source: https://assets.leetcode.com/static_assets/public/webpack_bundles/common-libs.4322cec8d.js (194)
[35267:775:0924/154353.889618:INFO:CONSOLE(194)] "worker error [object Event] undefined undefined", source: https://assets.leetcode.com/static_assets/public/webpack_bundles/common-libs.4322cec8d.js (194)
[35267:775:0924/154400.029933:INFO:CONSOLE(156)] "Warning: exports: React.createClass is deprecated and will be removed in version 16. Use plain JavaScript classes instead. If you're not yet ready to migrate, create-react-class is available on npm as a drop-in replacement.", source: https://assets.leetcode.com/static_assets/public/webpack_bundles/vendor-libs.60e72598a.js (156)
[35267:775:0924/154400.395582:INFO:CONSOLE(194)] "Warning: Each child in an array or iterator should have a unique "key" prop. Check the top-level render call using <div>. See https://fb.me/react-warning-keys for more information.
    in textarea", source: https://assets.leetcode.com/static_assets/public/webpack_bundles/common-libs.4322cec8d.js (194)
[35267:775:0924/154406.450741:INFO:CONSOLE(156)] "Warning: exports: React.createClass is deprecated and will be removed in version 16. Use plain JavaScript classes instead. If you're not yet ready to migrate, create-react-class is available on npm as a drop-in replacement.", source: https://assets.leetcode.com/static_assets/public/webpack_bundles/vendor-libs.60e72598a.js (156)
[35267:775:0924/154406.726391:INFO:CONSOLE(194)] "Warning: Each child in an array or iterator should have a unique "key" prop. Check the top-level render call using <div>. See https://fb.me/react-warning-keys for more information.
    in textarea", source: https://assets.leetcode.com/static_assets/public/webpack_bundles/common-libs.4322cec8d.js (194)
[35267:775:0924/154407.020786:INFO:CONSOLE(194)] "worker error [object Event] undefined undefined", source: https://assets.leetcode.com/static_assets/public/webpack_bundles/common-libs.4322cec8d.js (194)
[35267:775:0924/154412.727376:INFO:CONSOLE(156)] "Warning: exports: React.createClass is deprecated and will be removed in version 16. Use plain JavaScript classes instead. If you're not yet ready to migrate, create-react-class is available on npm as a drop-in replacement.", source: https://assets.leetcode.com/static_assets/public/webpack_bundles/vendor-libs.60e72598a.js (156)
[35267:775:0924/154413.072189:INFO:CONSOLE(194)] "Warning: Each child in an array or iterator should have a unique "key" prop. Check the top-level render call using <div>. See https://fb.me/react-warning-keys for more information.
    in textarea", source: https://assets.leetcode.com/static_assets/public/webpack_bundles/common-libs.4322cec8d.js (194)
[35267:775:0924/154419.479516:INFO:CONSOLE(156)] "Warning: exports: React.createClass is deprecated and will be removed in version 16. Use plain JavaScript classes instead. If you're not yet ready to migrate, create-react-class is available on npm as a drop-in replacement.", source: https://assets.leetcode.com/static_assets/public/webpack_bundles/vendor-libs.60e72598a.js (156)
[35267:775:0924/154419.890387:INFO:CONSOLE(194)] "Warning: Each child in an array or iterator should have a unique "key" prop. Check the top-level render call using <div>. See https://fb.me/react-warning-keys for more information.
    in textarea", source: https://assets.leetcode.com/static_assets/public/webpack_bundles/common-libs.4322cec8d.js (194)
[35267:775:0924/154420.287690:INFO:CONSOLE(194)] "worker error [object Event] undefined undefined", source: https://assets.leetcode.com/static_assets/public/webpack_bundles/common-libs.4322cec8d.js (194)
[35267:775:0924/154426.278911:INFO:CONSOLE(156)] "Warning: exports: React.createClass is deprecated and will be removed in version 16. Use plain JavaScript classes instead. If you're not yet ready to migrate, create-react-class is available on npm as a drop-in replacement.", source: https://assets.leetcode.com/static_assets/public/webpack_bundles/vendor-libs.60e72598a.js (156)
[35267:775:0924/154426.703709:INFO:CONSOLE(194)] "Warning: Each child in an array or iterator should have a unique "key" prop. Check the top-level render call using <div>. See https://fb.me/react-warning-keys for more information.
    in textarea", source: https://assets.leetcode.com/static_assets/public/webpack_bundles/common-libs.4322cec8d.js (194)
[35267:775:0924/154433.121952:INFO:CONSOLE(156)] "Warning: exports: React.createClass is deprecated and will be removed in version 16. Use plain JavaScript classes instead. If you're not yet ready to migrate, create-react-class is available on npm as a drop-in replacement.", source: https://assets.leetcode.com/static_assets/public/webpack_bundles/vendor-libs.60e72598a.js (156)
[35267:775:0924/154433.503326:INFO:CONSOLE(194)] "Warning: Each child in an array or iterator should have a unique "key" prop. Check the top-level render call using <div>. See https://fb.me/react-warning-keys for more information.
    in textarea", source: https://assets.leetcode.com/static_assets/public/webpack_bundles/common-libs.4322cec8d.js (194)
[35267:775:0924/154433.847273:INFO:CONSOLE(194)] "worker error [object Event] undefined undefined", source: https://assets.leetcode.com/static_assets/public/webpack_bundles/common-libs.4322cec8d.js (194)
[35267:775:0924/154439.862425:INFO:CONSOLE(156)] "Warning: exports: React.createClass is deprecated and will be removed in version 16. Use plain JavaScript classes instead. If you're not yet ready to migrate, create-react-class is available on npm as a drop-in replacement.", source: https://assets.leetcode.com/static_assets/public/webpack_bundles/vendor-libs.60e72598a.js (156)
[35267:775:0924/154440.187584:INFO:CONSOLE(194)] "Warning: Each child in an array or iterator should have a unique "key" prop. Check the top-level render call using <div>. See https://fb.me/react-warning-keys for more information.
    in textarea", source: https://assets.leetcode.com/static_assets/public/webpack_bundles/common-libs.4322cec8d.js (194)
[35267:775:0924/154446.405539:INFO:CONSOLE(156)] "Warning: exports: React.createClass is deprecated and will be removed in version 16. Use plain JavaScript classes instead. If you're not yet ready to migrate, create-react-class is available on npm as a drop-in replacement.", source: https://assets.leetcode.com/static_assets/public/webpack_bundles/vendor-libs.60e72598a.js (156)
[35267:775:0924/154446.710828:INFO:CONSOLE(194)] "Warning: Each child in an array or iterator should have a unique "key" prop. Check the top-level render call using <div>. See https://fb.me/react-warning-keys for more information.
    in textarea", source: https://assets.leetcode.com/static_assets/public/webpack_bundles/common-libs.4322cec8d.js (194)
[35267:775:0924/154447.003101:INFO:CONSOLE(194)] "worker error [object Event] undefined undefined", source: https://assets.leetcode.com/static_assets/public/webpack_bundles/common-libs.4322cec8d.js (194)
[35267:775:0924/154453.079860:INFO:CONSOLE(156)] "Warning: exports: React.createClass is deprecated and will be removed in version 16. Use plain JavaScript classes instead. If you're not yet ready to migrate, create-react-class is available on npm as a drop-in replacement.", source: https://assets.leetcode.com/static_assets/public/webpack_bundles/vendor-libs.60e72598a.js (156)
[35267:775:0924/154453.453111:INFO:CONSOLE(194)] "Warning: Each child in an array or iterator should have a unique "key" prop. Check the top-level render call using <div>. See https://fb.me/react-warning-keys for more information.
    in textarea", source: https://assets.leetcode.com/static_assets/public/webpack_bundles/common-libs.4322cec8d.js (194)
[35267:775:0924/154459.677456:INFO:CONSOLE(156)] "Warning: exports: React.createClass is deprecated and will be removed in version 16. Use plain JavaScript classes instead. If you're not yet ready to migrate, create-react-class is available on npm as a drop-in replacement.", source: https://assets.leetcode.com/static_assets/public/webpack_bundles/vendor-libs.60e72598a.js (156)
[35267:775:0924/154459.991421:INFO:CONSOLE(194)] "Warning: Each child in an array or iterator should have a unique "key" prop. Check the top-level render call using <div>. See https://fb.me/react-warning-keys for more information.
    in textarea", source: https://assets.leetcode.com/static_assets/public/webpack_bundles/common-libs.4322cec8d.js (194)
[35267:775:0924/154500.381784:INFO:CONSOLE(194)] "worker error [object Event] undefined undefined", source: https://assets.leetcode.com/static_assets/public/webpack_bundles/common-libs.4322cec8d.js (194)
[35267:775:0924/154506.377634:INFO:CONSOLE(156)] "Warning: exports: React.createClass is deprecated and will be removed in version 16. Use plain JavaScript classes instead. If you're not yet ready to migrate, create-react-class is available on npm as a drop-in replacement.", source: https://assets.leetcode.com/static_assets/public/webpack_bundles/vendor-libs.60e72598a.js (156)
[35267:775:0924/154506.926220:INFO:CONSOLE(194)] "Warning: Each child in an array or iterator should have a unique "key" prop. Check the top-level render call using <div>. See https://fb.me/react-warning-keys for more information.
    in textarea", source: https://assets.leetcode.com/static_assets/public/webpack_bundles/common-libs.4322cec8d.js (194)
[35267:775:0924/154513.551043:INFO:CONSOLE(156)] "Warning: exports: React.createClass is deprecated and will be removed in version 16. Use plain JavaScript classes instead. If you're not yet ready to migrate, create-react-class is available on npm as a drop-in replacement.", source: https://assets.leetcode.com/static_assets/public/webpack_bundles/vendor-libs.60e72598a.js (156)
[35267:775:0924/154513.888307:INFO:CONSOLE(194)] "Warning: Each child in an array or iterator should have a unique "key" prop. Check the top-level render call using <div>. See https://fb.me/react-warning-keys for more information.
    in textarea", source: https://assets.leetcode.com/static_assets/public/webpack_bundles/common-libs.4322cec8d.js (194)
[35267:775:0924/154514.217192:INFO:CONSOLE(194)] "worker error [object Event] undefined undefined", source: https://assets.leetcode.com/static_assets/public/webpack_bundles/common-libs.4322cec8d.js (194)
[35267:775:0924/154520.566750:INFO:CONSOLE(156)] "Warning: exports: React.createClass is deprecated and will be removed in version 16. Use plain JavaScript classes instead. If you're not yet ready to migrate, create-react-class is available on npm as a drop-in replacement.", source: https://assets.leetcode.com/static_assets/public/webpack_bundles/vendor-libs.60e72598a.js (156)
[35267:775:0924/154521.247975:INFO:CONSOLE(194)] "Warning: Each child in an array or iterator should have a unique "key" prop. Check the top-level render call using <div>. See https://fb.me/react-warning-keys for more information.
    in textarea", source: https://assets.leetcode.com/static_assets/public/webpack_bundles/common-libs.4322cec8d.js (194)
[35267:775:0924/154527.273478:INFO:CONSOLE(156)] "Warning: exports: React.createClass is deprecated and will be removed in version 16. Use plain JavaScript classes instead. If you're not yet ready to migrate, create-react-class is available on npm as a drop-in replacement.", source: https://assets.leetcode.com/static_assets/public/webpack_bundles/vendor-libs.60e72598a.js (156)
[35267:775:0924/154527.763242:INFO:CONSOLE(194)] "Warning: Each child in an array or iterator should have a unique "key" prop. Check the top-level render call using <div>. See https://fb.me/react-warning-keys for more information.
    in textarea", source: https://assets.leetcode.com/static_assets/public/webpack_bundles/common-libs.4322cec8d.js (194)
[35267:775:0924/154528.207820:INFO:CONSOLE(194)] "worker error [object Event] undefined undefined", source: https://assets.leetcode.com/static_assets/public/webpack_bundles/common-libs.4322cec8d.js (194)
[35267:775:0924/154534.196363:INFO:CONSOLE(156)] "Warning: exports: React.createClass is deprecated and will be removed in version 16. Use plain JavaScript classes instead. If you're not yet ready to migrate, create-react-class is available on npm as a drop-in replacement.", source: https://assets.leetcode.com/static_assets/public/webpack_bundles/vendor-libs.60e72598a.js (156)
[35267:775:0924/154534.605410:INFO:CONSOLE(194)] "Warning: Each child in an array or iterator should have a unique "key" prop. Check the top-level render call using <div>. See https://fb.me/react-warning-keys for more information.
    in textarea", source: https://assets.leetcode.com/static_assets/public/webpack_bundles/common-libs.4322cec8d.js (194)
[35267:775:0924/154540.777110:INFO:CONSOLE(156)] "Warning: exports: React.createClass is deprecated and will be removed in version 16. Use plain JavaScript classes instead. If you're not yet ready to migrate, create-react-class is available on npm as a drop-in replacement.", source: https://assets.leetcode.com/static_assets/public/webpack_bundles/vendor-libs.60e72598a.js (156)
[35267:775:0924/154541.040936:INFO:CONSOLE(194)] "Warning: Each child in an array or iterator should have a unique "key" prop. Check the top-level render call using <div>. See https://fb.me/react-warning-keys for more information.
    in textarea", source: https://assets.leetcode.com/static_assets/public/webpack_bundles/common-libs.4322cec8d.js (194)
[35267:775:0924/154541.438457:INFO:CONSOLE(194)] "worker error [object Event] undefined undefined", source: https://assets.leetcode.com/static_assets/public/webpack_bundles/common-libs.4322cec8d.js (194)
[35267:775:0924/154547.649194:INFO:CONSOLE(156)] "Warning: exports: React.createClass is deprecated and will be removed in version 16. Use plain JavaScript classes instead. If you're not yet ready to migrate, create-react-class is available on npm as a drop-in replacement.", source: https://assets.leetcode.com/static_assets/public/webpack_bundles/vendor-libs.60e72598a.js (156)
[35267:775:0924/154547.931559:INFO:CONSOLE(194)] "Warning: Each child in an array or iterator should have a unique "key" prop. Check the top-level render call using <div>. See https://fb.me/react-warning-keys for more information.
    in textarea", source: https://assets.leetcode.com/static_assets/public/webpack_bundles/common-libs.4322cec8d.js (194)
[35267:775:0924/154554.441761:INFO:CONSOLE(156)] "Warning: exports: React.createClass is deprecated and will be removed in version 16. Use plain JavaScript classes instead. If you're not yet ready to migrate, create-react-class is available on npm as a drop-in replacement.", source: https://assets.leetcode.com/static_assets/public/webpack_bundles/vendor-libs.60e72598a.js (156)
[35267:775:0924/154554.818571:INFO:CONSOLE(194)] "Warning: Each child in an array or iterator should have a unique "key" prop. Check the top-level render call using <div>. See https://fb.me/react-warning-keys for more information.
    in textarea", source: https://assets.leetcode.com/static_assets/public/webpack_bundles/common-libs.4322cec8d.js (194)
[35267:775:0924/154555.158240:INFO:CONSOLE(194)] "worker error [object Event] undefined undefined", source: https://assets.leetcode.com/static_assets/public/webpack_bundles/common-libs.4322cec8d.js (194)
[35267:775:0924/154600.948145:INFO:CONSOLE(156)] "Warning: exports: React.createClass is deprecated and will be removed in version 16. Use plain JavaScript classes instead. If you're not yet ready to migrate, create-react-class is available on npm as a drop-in replacement.", source: https://assets.leetcode.com/static_assets/public/webpack_bundles/vendor-libs.60e72598a.js (156)
[35267:775:0924/154601.398262:INFO:CONSOLE(194)] "Warning: Each child in an array or iterator should have a unique "key" prop. Check the top-level render call using <div>. See https://fb.me/react-warning-keys for more information.
    in textarea", source: https://assets.leetcode.com/static_assets/public/webpack_bundles/common-libs.4322cec8d.js (194)
[35267:775:0924/154607.879245:INFO:CONSOLE(156)] "Warning: exports: React.createClass is deprecated and will be removed in version 16. Use plain JavaScript classes instead. If you're not yet ready to migrate, create-react-class is available on npm as a drop-in replacement.", source: https://assets.leetcode.com/static_assets/public/webpack_bundles/vendor-libs.60e72598a.js (156)
[35267:775:0924/154608.366610:INFO:CONSOLE(194)] "Warning: Each child in an array or iterator should have a unique "key" prop. Check the top-level render call using <div>. See https://fb.me/react-warning-keys for more information.
    in textarea", source: https://assets.leetcode.com/static_assets/public/webpack_bundles/common-libs.4322cec8d.js (194)
[35267:775:0924/154608.687876:INFO:CONSOLE(194)] "worker error [object Event] undefined undefined", source: https://assets.leetcode.com/static_assets/public/webpack_bundles/common-libs.4322cec8d.js (194)
[35267:775:0924/154608.972375:INFO:CONSOLE(6)] "Refused to get unsafe header "X-NewRelic-App-Data"", source: https://leetcode.com/problems/simplify-path/ (6)
[35267:775:0924/154609.348467:INFO:CONSOLE(6)] "Uncaught Error: Network error: Unexpected token < in JSON at position 0", source: https://leetcode.com/problems/simplify-path/ (6)
[35267:775:0924/154614.583981:INFO:CONSOLE(156)] "Warning: exports: React.createClass is deprecated and will be removed in version 16. Use plain JavaScript classes instead. If you're not yet ready to migrate, create-react-class is available on npm as a drop-in replacement.", source: https://assets.leetcode.com/static_assets/public/webpack_bundles/vendor-libs.60e72598a.js (156)
[35267:775:0924/154614.851646:INFO:CONSOLE(194)] "Warning: Each child in an array or iterator should have a unique "key" prop. Check the top-level render call using <div>. See https://fb.me/react-warning-keys for more information.
    in textarea", source: https://assets.leetcode.com/static_assets/public/webpack_bundles/common-libs.4322cec8d.js (194)
[35267:775:0924/154621.349360:INFO:CONSOLE(156)] "Warning: exports: React.createClass is deprecated and will be removed in version 16. Use plain JavaScript classes instead. If you're not yet ready to migrate, create-react-class is available on npm as a drop-in replacement.", source: https://assets.leetcode.com/static_assets/public/webpack_bundles/vendor-libs.60e72598a.js (156)
[35267:775:0924/154621.704089:INFO:CONSOLE(194)] "Warning: Each child in an array or iterator should have a unique "key" prop. Check the top-level render call using <div>. See https://fb.me/react-warning-keys for more information.
    in textarea", source: https://assets.leetcode.com/static_assets/public/webpack_bundles/common-libs.4322cec8d.js (194)
[35267:775:0924/154622.101117:INFO:CONSOLE(194)] "worker error [object Event] undefined undefined", source: https://assets.leetcode.com/static_assets/public/webpack_bundles/common-libs.4322cec8d.js (194)
[35267:775:0924/154628.348548:INFO:CONSOLE(156)] "Warning: exports: React.createClass is deprecated and will be removed in version 16. Use plain JavaScript classes instead. If you're not yet ready to migrate, create-react-class is available on npm as a drop-in replacement.", source: https://assets.leetcode.com/static_assets/public/webpack_bundles/vendor-libs.60e72598a.js (156)
[35267:775:0924/154628.707832:INFO:CONSOLE(194)] "Warning: Each child in an array or iterator should have a unique "key" prop. Check the top-level render call using <div>. See https://fb.me/react-warning-keys for more information.
    in textarea", source: https://assets.leetcode.com/static_assets/public/webpack_bundles/common-libs.4322cec8d.js (194)
[35267:775:0924/154634.935572:INFO:CONSOLE(156)] "Warning: exports: React.createClass is deprecated and will be removed in version 16. Use plain JavaScript classes instead. If you're not yet ready to migrate, create-react-class is available on npm as a drop-in replacement.", source: https://assets.leetcode.com/static_assets/public/webpack_bundles/vendor-libs.60e72598a.js (156)
[35267:775:0924/154635.356724:INFO:CONSOLE(194)] "Warning: Each child in an array or iterator should have a unique "key" prop. Check the top-level render call using <div>. See https://fb.me/react-warning-keys for more information.
    in textarea", source: https://assets.leetcode.com/static_assets/public/webpack_bundles/common-libs.4322cec8d.js (194)
[35267:775:0924/154635.703346:INFO:CONSOLE(194)] "worker error [object Event] undefined undefined", source: https://assets.leetcode.com/static_assets/public/webpack_bundles/common-libs.4322cec8d.js (194)
[35267:775:0924/154641.761429:INFO:CONSOLE(156)] "Warning: exports: React.createClass is deprecated and will be removed in version 16. Use plain JavaScript classes instead. If you're not yet ready to migrate, create-react-class is available on npm as a drop-in replacement.", source: https://assets.leetcode.com/static_assets/public/webpack_bundles/vendor-libs.60e72598a.js (156)
[35267:775:0924/154642.098763:INFO:CONSOLE(194)] "Warning: Each child in an array or iterator should have a unique "key" prop. Check the top-level render call using <div>. See https://fb.me/react-warning-keys for more information.
    in textarea", source: https://assets.leetcode.com/static_assets/public/webpack_bundles/common-libs.4322cec8d.js (194)
[35267:775:0924/154648.532357:INFO:CONSOLE(156)] "Warning: exports: React.createClass is deprecated and will be removed in version 16. Use plain JavaScript classes instead. If you're not yet ready to migrate, create-react-class is available on npm as a drop-in replacement.", source: https://assets.leetcode.com/static_assets/public/webpack_bundles/vendor-libs.60e72598a.js (156)
[35267:775:0924/154648.878072:INFO:CONSOLE(194)] "Warning: Each child in an array or iterator should have a unique "key" prop. Check the top-level render call using <div>. See https://fb.me/react-warning-keys for more information.
    in textarea", source: https://assets.leetcode.com/static_assets/public/webpack_bundles/common-libs.4322cec8d.js (194)
[35267:775:0924/154649.235744:INFO:CONSOLE(194)] "worker error [object Event] undefined undefined", source: https://assets.leetcode.com/static_assets/public/webpack_bundles/common-libs.4322cec8d.js (194)
[35267:775:0924/154657.112697:INFO:CONSOLE(156)] "Warning: exports: React.createClass is deprecated and will be removed in version 16. Use plain JavaScript classes instead. If you're not yet ready to migrate, create-react-class is available on npm as a drop-in replacement.", source: https://assets.leetcode.com/static_assets/public/webpack_bundles/vendor-libs.60e72598a.js (156)
[35267:775:0924/154657.507866:INFO:CONSOLE(194)] "Warning: Each child in an array or iterator should have a unique "key" prop. Check the top-level render call using <div>. See https://fb.me/react-warning-keys for more information.
    in textarea", source: https://assets.leetcode.com/static_assets/public/webpack_bundles/common-libs.4322cec8d.js (194)
[35267:775:0924/154704.090083:INFO:CONSOLE(156)] "Warning: exports: React.createClass is deprecated and will be removed in version 16. Use plain JavaScript classes instead. If you're not yet ready to migrate, create-react-class is available on npm as a drop-in replacement.", source: https://assets.leetcode.com/static_assets/public/webpack_bundles/vendor-libs.60e72598a.js (156)
[35267:775:0924/154704.474175:INFO:CONSOLE(194)] "Warning: Each child in an array or iterator should have a unique "key" prop. Check the top-level render call using <div>. See https://fb.me/react-warning-keys for more information.
    in textarea", source: https://assets.leetcode.com/static_assets/public/webpack_bundles/common-libs.4322cec8d.js (194)
[35267:775:0924/154704.871539:INFO:CONSOLE(194)] "worker error [object Event] undefined undefined", source: https://assets.leetcode.com/static_assets/public/webpack_bundles/common-libs.4322cec8d.js (194)
[35267:775:0924/154711.131908:INFO:CONSOLE(156)] "Warning: exports: React.createClass is deprecated and will be removed in version 16. Use plain JavaScript classes instead. If you're not yet ready to migrate, create-react-class is available on npm as a drop-in replacement.", source: https://assets.leetcode.com/static_assets/public/webpack_bundles/vendor-libs.60e72598a.js (156)
[35267:775:0924/154711.587809:INFO:CONSOLE(194)] "Warning: Each child in an array or iterator should have a unique "key" prop. Check the top-level render call using <div>. See https://fb.me/react-warning-keys for more information.
    in textarea", source: https://assets.leetcode.com/static_assets/public/webpack_bundles/common-libs.4322cec8d.js (194)
[35267:775:0924/154718.181933:INFO:CONSOLE(156)] "Warning: exports: React.createClass is deprecated and will be removed in version 16. Use plain JavaScript classes instead. If you're not yet ready to migrate, create-react-class is available on npm as a drop-in replacement.", source: https://assets.leetcode.com/static_assets/public/webpack_bundles/vendor-libs.60e72598a.js (156)
[35267:775:0924/154718.464738:INFO:CONSOLE(194)] "Warning: Each child in an array or iterator should have a unique "key" prop. Check the top-level render call using <div>. See https://fb.me/react-warning-keys for more information.
    in textarea", source: https://assets.leetcode.com/static_assets/public/webpack_bundles/common-libs.4322cec8d.js (194)
[35267:775:0924/154718.859014:INFO:CONSOLE(194)] "worker error [object Event] undefined undefined", source: https://assets.leetcode.com/static_assets/public/webpack_bundles/common-libs.4322cec8d.js (194)
